Log file open, 07/01/19 18:08:25
LogWindows: Failed to load 'aqProf.dll' (GetLastError=126)
LogWindows: File 'aqProf.dll' does not exist
LogWindows: Failed to load 'VtuneApi.dll' (GetLastError=126)
LogWindows: File 'VtuneApi.dll' does not exist
LogWindows: Failed to load 'VtuneApi32e.dll' (GetLastError=126)
LogWindows: File 'VtuneApi32e.dll' does not exist
LogConsoleResponse: Display: Failed to find resolution value strings in scalability ini. Falling back to default.
LogInit: Display: Running engine for game: TCS
LogPakFile: Registered encryption key '00000000000000000000000000000000': 0 pak files mounted, 0 remain pending
LogPlatformFile: Not using cached read wrapper
LogTaskGraph: Started task graph with 5 named threads and 23 total threads with 3 sets of task threads.
LogStats: Stats thread started at 0.288779
LogD3D11RHI: Loaded GFSDK_Aftermath_Lib.x64.dll
LogICUInternationalization: ICU TimeZone Detection - Raw Offset: -6:00, Platform Override: ''
LogPluginManager: Mounting plugin Paper2D
LogPluginManager: Mounting plugin AISupport
LogPluginManager: Mounting plugin LightPropagationVolume
LogPluginManager: Mounting plugin ActorLayerUtilities
LogPluginManager: Mounting plugin CLionSourceCodeAccess
LogPluginManager: Mounting plugin CodeLiteSourceCodeAccess
LogPluginManager: Mounting plugin GitSourceControl
LogPluginManager: Mounting plugin KDevelopSourceCodeAccess
LogPluginManager: Mounting plugin NullSourceCodeAccess
LogPluginManager: Mounting plugin PerforceSourceControl
LogPluginManager: Mounting plugin SubversionSourceControl
LogPluginManager: Mounting plugin UObjectPlugin
LogPluginManager: Mounting plugin VisualStudioCodeSourceCodeAccess
LogPluginManager: Mounting plugin VisualStudioSourceCodeAccess
LogPluginManager: Mounting plugin XCodeSourceCodeAccess
LogPluginManager: Mounting plugin AssetManagerEditor
LogPluginManager: Mounting plugin CryptoKeys
LogPluginManager: Mounting plugin DataValidation
LogPluginManager: Mounting plugin FacialAnimation
LogPluginManager: Mounting plugin GameplayTagsEditor
LogPluginManager: Mounting plugin MacGraphicsSwitching
LogPluginManager: Mounting plugin MeshEditor
LogPluginManager: Mounting plugin MobileLauncherProfileWizard
LogPluginManager: Mounting plugin PluginBrowser
LogPluginManager: Mounting plugin SpeedTreeImporter
LogPluginManager: Mounting plugin DatasmithContent
LogPluginManager: Mounting plugin VariantManagerContent
LogPluginManager: Mounting plugin AlembicImporter
LogPluginManager: Mounting plugin AppleImageUtils
LogPluginManager: Mounting plugin AppleVision
LogPluginManager: Mounting plugin BackChannel
LogPluginManager: Mounting plugin CharacterAI
LogPluginManager: Mounting plugin GeometryCache
LogPluginManager: Mounting plugin HTML5Networking
LogPluginManager: Mounting plugin ProxyLODPlugin
LogPluginManager: Mounting plugin MagicLeap
LogPluginManager: Mounting plugin MagicLeapMedia
LogPluginManager: Mounting plugin AndroidMedia
LogPluginManager: Mounting plugin AvfMedia
LogPluginManager: Mounting plugin ImgMedia
LogPluginManager: Mounting plugin LinearTimecode
LogPluginManager: Mounting plugin MediaCompositing
LogPluginManager: Mounting plugin MediaPlayerEditor
LogPluginManager: Mounting plugin WebMMedia
LogPluginManager: Mounting plugin WmfMedia
LogPluginManager: Mounting plugin TcpMessaging
LogPluginManager: Mounting plugin UdpMessaging
LogPluginManager: Mounting plugin ActorSequence
LogPluginManager: Mounting plugin LevelSequenceEditor
LogPluginManager: Mounting plugin MatineeToLevelSequence
LogPluginManager: Mounting plugin NetcodeUnitTest
LogPluginManager: Mounting plugin NUTUnrealEngine4
LogPluginManager: Mounting plugin OnlineSubsystemGooglePlay
LogPluginManager: Mounting plugin OnlineSubsystemIOS
LogPluginManager: Mounting plugin OnlineSubsystem
LogPluginManager: Mounting plugin OnlineSubsystemNull
LogPluginManager: Mounting plugin OnlineSubsystemUtils
LogPluginManager: Mounting plugin LauncherChunkInstaller
LogPluginManager: Mounting plugin AndroidDeviceProfileSelector
LogPluginManager: Mounting plugin AndroidMoviePlayer
LogPluginManager: Mounting plugin AndroidPermission
LogPluginManager: Mounting plugin AppleMoviePlayer
LogPluginManager: Mounting plugin ArchVisCharacter
LogPluginManager: Mounting plugin AudioCapture
LogPluginManager: Mounting plugin CableComponent
LogPluginManager: Mounting plugin CustomMeshComponent
LogPluginManager: Mounting plugin EditableMesh
LogPluginManager: Mounting plugin ExampleDeviceProfileSelector
LogPluginManager: Mounting plugin Firebase
LogPluginManager: Mounting plugin GoogleCloudMessaging
LogPluginManager: Mounting plugin IOSDeviceProfileSelector
LogPluginManager: Mounting plugin LinuxDeviceProfileSelector
LogPluginManager: Mounting plugin LocationServicesBPLibrary
LogPluginManager: Mounting plugin MobilePatchingUtils
LogPluginManager: Mounting plugin OculusVR
LogPluginManager: Mounting plugin PhysXVehicles
LogPluginManager: Mounting plugin ProceduralMeshComponent
LogPluginManager: Mounting plugin RuntimePhysXCooking
LogPluginManager: Mounting plugin SteamVR
LogPluginManager: Mounting plugin WebMMoviePlayer
LogPluginManager: Mounting plugin WindowsMoviePlayer
LogStreaming: Display: Took  0.147s to configure plugins.
LogInit: Using libcurl 7.55.1-DEV
LogInit:  - built for x86_64-pc-win32
LogInit:  - supports SSL with OpenSSL/1.0.2h
LogInit:  - supports HTTP deflate (compression) using libz 1.2.8
LogInit:  - other features:
LogInit:      CURL_VERSION_SSL
LogInit:      CURL_VERSION_LIBZ
LogInit:      CURL_VERSION_IPV6
LogInit:      CURL_VERSION_ASYNCHDNS
LogInit:      CURL_VERSION_LARGEFILE
LogInit:      CURL_VERSION_IDN
LogInit:  CurlRequestOptions (configurable via config and command line):
LogInit:  - bVerifyPeer = true  - Libcurl will verify peer certificate
LogInit:  - bUseHttpProxy = false  - Libcurl will NOT use HTTP proxy
LogInit:  - bDontReuseConnections = false  - Libcurl will reuse connections
LogInit:  - MaxHostConnections = 16  - Libcurl will limit the number of connections to a host
LogInit:  - LocalHostAddr = Default
LogInit:  - BufferSize = 65536
LogInit: WinSock: version 1.1 (2.2), MaxSocks=32767, MaxUdp=65467
LogInit: Build: ++UE4+Release-4.21-CL-4753647
LogInit: Engine Version: 4.21.2-4753647+++UE4+Release-4.21
LogInit: Compatible Engine Version: 4.21.0-4541578+++UE4+Release-4.21
LogInit: Net CL: 4541578
LogInit: OS: Windows 10 (), CPU: Intel(R) Core(TM) i5-8250U CPU @ 1.60GHz, GPU: Intel(R) UHD Graphics 620
LogInit: Compiled (64-bit): Jan 19 2019 02:07:31
LogInit: Compiled with Visual C++: 19.13.26129.00
LogInit: Build Configuration: Development
LogInit: Branch Name: ++UE4+Release-4.21
LogInit: Command Line: 
LogInit: Base Directory: C:/Program Files/Epic Games/UE_4.21/Engine/Binaries/Win64/
LogInit: Installed Engine Build: 1
LogDevObjectVersion: Number of dev versions registered: 22
LogDevObjectVersion:   Dev-Blueprints (B0D832E4-1F89-4F0D-ACCF-7EB736FD4AA2): 10
LogDevObjectVersion:   Dev-Build (E1C64328-A22C-4D53-A36C-8E866417BD8C): 0
LogDevObjectVersion:   Dev-Core (375EC13C-06E4-48FB-B500-84F0262A717E): 2
LogDevObjectVersion:   Dev-Editor (E4B068ED-F494-42E9-A231-DA0B2E46BB41): 26
LogDevObjectVersion:   Dev-Framework (CFFC743F-43B0-4480-9391-14DF171D2073): 34
LogDevObjectVersion:   Dev-Mobile (B02B49B5-BB20-44E9-A304-32B752E40360): 2
LogDevObjectVersion:   Dev-Networking (A4E4105C-59A1-49B5-A7C5-40C4547EDFEE): 0
LogDevObjectVersion:   Dev-Online (39C831C9-5AE6-47DC-9A44-9C173E1C8E7C): 0
LogDevObjectVersion:   Dev-Physics (78F01B33-EBEA-4F98-B9B4-84EACCB95AA2): 0
LogDevObjectVersion:   Dev-Platform (6631380F-2D4D-43E0-8009-CF276956A95A): 0
LogDevObjectVersion:   Dev-Rendering (12F88B9F-8875-4AFC-A67C-D90C383ABD29): 27
LogDevObjectVersion:   Dev-Sequencer (7B5AE74C-D270-4C10-A958-57980B212A5A): 9
LogDevObjectVersion:   Dev-VR (D7296918-1DD6-4BDD-9DE2-64A83CC13884): 2
LogDevObjectVersion:   Dev-LoadTimes (C2A15278-BFE7-4AFE-6C17-90FF531DF755): 1
LogDevObjectVersion:   Private-Geometry (6EACA3D4-40EC-4CC1-B786-8BED09428FC5): 3
LogDevObjectVersion:   Dev-AnimPhys (29E575DD-E0A3-4627-9D10-D276232CDCEA): 17
LogDevObjectVersion:   Dev-Anim (AF43A65D-7FD3-4947-9873-3E8ED9C1BB05): 2
LogDevObjectVersion:   Dev-ReflectionCapture (6B266CEC-1EC7-4B8F-A30B-E4D90942FC07): 1
LogDevObjectVersion:   Dev-Automation (0DF73D61-A23F-47EA-B727-89E90C41499A): 1
LogDevObjectVersion:   FortniteMain (601D1886-AC64-4F84-AA16-D3DE0DEAC7D6): 17
LogDevObjectVersion:   Dev-Enterprise (9DFFBCD6-494F-0158-E221-12823C92A888): 4
LogDevObjectVersion:   Dev-Niagara (F2AED0AC-9AFE-416F-8664-AA7FFA26D6FC): 1
LogStreaming: Display: Took  0.000s to delete old logs.
LogInit: Presizing for max 8388607 objects, including 0 objects not considered by GC, pre-allocating 0 bytes for permanent pool.
LogInit: Object subsystem initialized
LogConfig: Setting CVar [[con.DebugEarlyDefault:1]]
LogConfig: Setting CVar [[r.setres:1280x720]]
[2019.07.01-23.08.26:014][  0]LogConfig: Setting CVar [[r.VSync:0]]
[2019.07.01-23.08.26:014][  0]LogConfig: Setting CVar [[r.RHICmdBypass:0]]
[2019.07.01-23.08.26:014][  0]LogConfig: Applying CVar settings from Section [/Script/Engine.RendererSettings] File [C:/Users/danie/Documents/GitHub/TulsaCountySummer/TCS/Saved/Config/Windows/Engine.ini]
[2019.07.01-23.08.26:014][  0]LogConfig: Setting CVar [[r.GPUCrashDebugging:0]]
[2019.07.01-23.08.26:014][  0]LogConfig: Applying CVar settings from Section [/Script/Engine.RendererOverrideSettings] File [C:/Users/danie/Documents/GitHub/TulsaCountySummer/TCS/Saved/Config/Windows/Engine.ini]
[2019.07.01-23.08.26:014][  0]LogConfig: Applying CVar settings from Section [/Script/Engine.StreamingSettings] File [C:/Users/danie/Documents/GitHub/TulsaCountySummer/TCS/Saved/Config/Windows/Engine.ini]
[2019.07.01-23.08.26:014][  0]LogConfig: Setting CVar [[s.MinBulkDataSizeForAsyncLoading:131072]]
[2019.07.01-23.08.26:014][  0]LogConfig: Setting CVar [[s.AsyncLoadingThreadEnabled:0]]
[2019.07.01-23.08.26:014][  0]LogConfig: Setting CVar [[s.EventDrivenLoaderEnabled:1]]
[2019.07.01-23.08.26:014][  0]LogConfig: Setting CVar [[s.WarnIfTimeLimitExceeded:0]]
[2019.07.01-23.08.26:014][  0]LogConfig: Setting CVar [[s.TimeLimitExceededMultiplier:1.5]]
[2019.07.01-23.08.26:014][  0]LogConfig: Setting CVar [[s.TimeLimitExceededMinTime:0.005]]
[2019.07.01-23.08.26:014][  0]LogConfig: Setting CVar [[s.UseBackgroundLevelStreaming:1]]
[2019.07.01-23.08.26:014][  0]LogConfig: Setting CVar [[s.PriorityAsyncLoadingExtraTime:15.0]]
[2019.07.01-23.08.26:014][  0]LogConfig: Setting CVar [[s.LevelStreamingActorsUpdateTimeLimit:5.0]]
[2019.07.01-23.08.26:014][  0]LogConfig: Setting CVar [[s.PriorityLevelStreamingActorsUpdateExtraTime:5.0]]
[2019.07.01-23.08.26:014][  0]LogConfig: Setting CVar [[s.LevelStreamingComponentsRegistrationGranularity:10]]
[2019.07.01-23.08.26:014][  0]LogConfig: Setting CVar [[s.UnregisterComponentsTimeLimit:1.0]]
[2019.07.01-23.08.26:014][  0]LogConfig: Setting CVar [[s.LevelStreamingComponentsUnregistrationGranularity:5]]
[2019.07.01-23.08.26:014][  0]LogConfig: Applying CVar settings from Section [/Script/Engine.GarbageCollectionSettings] File [C:/Users/danie/Documents/GitHub/TulsaCountySummer/TCS/Saved/Config/Windows/Engine.ini]
[2019.07.01-23.08.26:015][  0]LogConfig: Setting CVar [[gc.MaxObjectsNotConsideredByGC:1]]
[2019.07.01-23.08.26:015][  0]LogConfig: Setting CVar [[gc.SizeOfPermanentObjectPool:0]]
[2019.07.01-23.08.26:015][  0]LogConfig: Setting CVar [[gc.FlushStreamingOnGC:0]]
[2019.07.01-23.08.26:015][  0]LogConfig: Setting CVar [[gc.NumRetriesBeforeForcingGC:10]]
[2019.07.01-23.08.26:015][  0]LogConfig: Setting CVar [[gc.AllowParallelGC:1]]
[2019.07.01-23.08.26:015][  0]LogConfig: Setting CVar [[gc.TimeBetweenPurgingPendingKillObjects:61.1]]
[2019.07.01-23.08.26:015][  0]LogConfig: Setting CVar [[gc.MaxObjectsInEditor:8388607]]
[2019.07.01-23.08.26:015][  0]LogConfig: Setting CVar [[gc.IncrementalBeginDestroyEnabled:1]]
[2019.07.01-23.08.26:015][  0]LogConfig: Setting CVar [[gc.CreateGCClusters:1]]
[2019.07.01-23.08.26:015][  0]LogConfig: Setting CVar [[gc.MergeGCClusters:0]]
[2019.07.01-23.08.26:015][  0]LogConfig: Setting CVar [[gc.MinGCClusterSize:5]]
[2019.07.01-23.08.26:015][  0]LogConfig: Setting CVar [[gc.ActorClusteringEnabled:0]]
[2019.07.01-23.08.26:015][  0]LogConfig: Setting CVar [[gc.BlueprintClusteringEnabled:0]]
[2019.07.01-23.08.26:015][  0]LogConfig: Setting CVar [[gc.UseDisregardForGCOnDedicatedServers:0]]
[2019.07.01-23.08.26:015][  0]LogConfig: Applying CVar settings from Section [/Script/Engine.NetworkSettings] File [C:/Users/danie/Documents/GitHub/TulsaCountySummer/TCS/Saved/Config/Windows/Engine.ini]
[2019.07.01-23.08.26:015][  0]LogConfig: Applying CVar settings from Section [/Script/UnrealEd.CookerSettings] File [C:/Users/danie/Documents/GitHub/TulsaCountySummer/TCS/Saved/Config/Windows/Engine.ini]
[2019.07.01-23.08.26:019][  0]LogConfig: Applying CVar settings from Section [ViewDistanceQuality@3] File [C:/Users/danie/Documents/GitHub/TulsaCountySummer/TCS/Saved/Config/Windows/Scalability.ini]
[2019.07.01-23.08.26:020][  0]LogConfig: Setting CVar [[r.SkeletalMeshLODBias:0]]
[2019.07.01-23.08.26:020][  0]LogConfig: Setting CVar [[r.ViewDistanceScale:1.0]]
[2019.07.01-23.08.26:020][  0]LogConfig: Applying CVar settings from Section [AntiAliasingQuality@3] File [C:/Users/danie/Documents/GitHub/TulsaCountySummer/TCS/Saved/Config/Windows/Scalability.ini]
[2019.07.01-23.08.26:020][  0]LogConfig: Setting CVar [[r.PostProcessAAQuality:4]]
[2019.07.01-23.08.26:020][  0]LogConfig: Applying CVar settings from Section [ShadowQuality@3] File [C:/Users/danie/Documents/GitHub/TulsaCountySummer/TCS/Saved/Config/Windows/Scalability.ini]
[2019.07.01-23.08.26:020][  0]LogConfig: Setting CVar [[r.LightFunctionQuality:1]]
[2019.07.01-23.08.26:020][  0]LogConfig: Setting CVar [[r.ShadowQuality:5]]
[2019.07.01-23.08.26:020][  0]LogConfig: Setting CVar [[r.Shadow.CSM.MaxCascades:10]]
[2019.07.01-23.08.26:020][  0]LogConfig: Setting CVar [[r.Shadow.MaxResolution:2048]]
[2019.07.01-23.08.26:020][  0]LogConfig: Setting CVar [[r.Shadow.MaxCSMResolution:2048]]
[2019.07.01-23.08.26:020][  0]LogConfig: Setting CVar [[r.Shadow.RadiusThreshold:0.01]]
[2019.07.01-23.08.26:020][  0]LogConfig: Setting CVar [[r.Shadow.DistanceScale:1.0]]
[2019.07.01-23.08.26:020][  0]LogConfig: Setting CVar [[r.Shadow.CSM.TransitionScale:1.0]]
[2019.07.01-23.08.26:020][  0]LogConfig: Setting CVar [[r.Shadow.PreShadowResolutionFactor:1.0]]
[2019.07.01-23.08.26:020][  0]LogConfig: Setting CVar [[r.DistanceFieldShadowing:1]]
[2019.07.01-23.08.26:020][  0]LogConfig: Setting CVar [[r.DistanceFieldAO:1]]
[2019.07.01-23.08.26:020][  0]LogConfig: Setting CVar [[r.AOQuality:2]]
[2019.07.01-23.08.26:020][  0]LogConfig: Setting CVar [[r.VolumetricFog:1]]
[2019.07.01-23.08.26:020][  0]LogConfig: Setting CVar [[r.VolumetricFog.GridPixelSize:8]]
[2019.07.01-23.08.26:020][  0]LogConfig: Setting CVar [[r.VolumetricFog.GridSizeZ:128]]
[2019.07.01-23.08.26:020][  0]LogConfig: Setting CVar [[r.VolumetricFog.HistoryMissSupersampleCount:4]]
[2019.07.01-23.08.26:020][  0]LogConfig: Setting CVar [[r.LightMaxDrawDistanceScale:1]]
[2019.07.01-23.08.26:020][  0]LogConfig: Setting CVar [[r.CapsuleShadows:1]]
[2019.07.01-23.08.26:020][  0]LogConfig: Applying CVar settings from Section [PostProcessQuality@3] File [C:/Users/danie/Documents/GitHub/TulsaCountySummer/TCS/Saved/Config/Windows/Scalability.ini]
[2019.07.01-23.08.26:020][  0]LogConfig: Setting CVar [[r.MotionBlurQuality:4]]
[2019.07.01-23.08.26:020][  0]LogConfig: Setting CVar [[r.AmbientOcclusionMipLevelFactor:0.4]]
[2019.07.01-23.08.26:020][  0]LogConfig: Setting CVar [[r.AmbientOcclusionMaxQuality:100]]
[2019.07.01-23.08.26:020][  0]LogConfig: Setting CVar [[r.AmbientOcclusionLevels:-1]]
[2019.07.01-23.08.26:020][  0]LogConfig: Setting CVar [[r.AmbientOcclusionRadiusScale:1.0]]
[2019.07.01-23.08.26:020][  0]LogConfig: Setting CVar [[r.DepthOfFieldQuality:2]]
[2019.07.01-23.08.26:020][  0]LogConfig: Setting CVar [[r.RenderTargetPoolMin:400]]
[2019.07.01-23.08.26:020][  0]LogConfig: Setting CVar [[r.LensFlareQuality:2]]
[2019.07.01-23.08.26:020][  0]LogConfig: Setting CVar [[r.SceneColorFringeQuality:1]]
[2019.07.01-23.08.26:020][  0]LogConfig: Setting CVar [[r.EyeAdaptationQuality:2]]
[2019.07.01-23.08.26:020][  0]LogConfig: Setting CVar [[r.BloomQuality:5]]
[2019.07.01-23.08.26:020][  0]LogConfig: Setting CVar [[r.FastBlurThreshold:100]]
[2019.07.01-23.08.26:021][  0]LogConfig: Setting CVar [[r.Upscale.Quality:3]]
[2019.07.01-23.08.26:021][  0]LogConfig: Setting CVar [[r.Tonemapper.GrainQuantization:1]]
[2019.07.01-23.08.26:021][  0]LogConfig: Setting CVar [[r.LightShaftQuality:1]]
[2019.07.01-23.08.26:021][  0]LogConfig: Setting CVar [[r.Filter.SizeScale:1]]
[2019.07.01-23.08.26:021][  0]LogConfig: Setting CVar [[r.Tonemapper.Quality:5]]
[2019.07.01-23.08.26:021][  0]LogConfig: Setting CVar [[r.DOF.Gather.AccumulatorQuality:1        ; higher gathering accumulator quality]]
[2019.07.01-23.08.26:021][  0]LogConfig: Setting CVar [[r.DOF.Gather.PostfilterMethod:1          ; Median3x3 postfilering method]]
[2019.07.01-23.08.26:021][  0]LogConfig: Setting CVar [[r.DOF.Gather.EnableBokehSettings:0       ; no bokeh simulation when gathering]]
[2019.07.01-23.08.26:021][  0]LogConfig: Setting CVar [[r.DOF.Gather.RingCount:4                 ; medium number of samples when gathering]]
[2019.07.01-23.08.26:021][  0]LogConfig: Setting CVar [[r.DOF.Scatter.ForegroundCompositing:1    ; additive foreground scattering]]
[2019.07.01-23.08.26:021][  0]LogConfig: Setting CVar [[r.DOF.Scatter.BackgroundCompositing:2    ; additive background scattering]]
[2019.07.01-23.08.26:021][  0]LogConfig: Setting CVar [[r.DOF.Scatter.EnableBokehSettings:1      ; bokeh simulation when scattering]]
[2019.07.01-23.08.26:021][  0]LogConfig: Setting CVar [[r.DOF.Scatter.MaxSpriteRatio:0.1         ; only a maximum of 10% of scattered bokeh]]
[2019.07.01-23.08.26:021][  0]LogConfig: Setting CVar [[r.DOF.Recombine.Quality:1                ; cheap slight out of focus]]
[2019.07.01-23.08.26:021][  0]LogConfig: Setting CVar [[r.DOF.Recombine.EnableBokehSettings:0    ; no bokeh simulation on slight out of focus]]
[2019.07.01-23.08.26:021][  0]LogConfig: Setting CVar [[r.DOF.TemporalAAQuality:1                ; more stable temporal accumulation]]
[2019.07.01-23.08.26:021][  0]LogConfig: Setting CVar [[r.DOF.Kernel.MaxForegroundRadius:0.025]]
[2019.07.01-23.08.26:021][  0]LogConfig: Setting CVar [[r.DOF.Kernel.MaxBackgroundRadius:0.025]]
[2019.07.01-23.08.26:021][  0]LogConfig: Applying CVar settings from Section [TextureQuality@3] File [C:/Users/danie/Documents/GitHub/TulsaCountySummer/TCS/Saved/Config/Windows/Scalability.ini]
[2019.07.01-23.08.26:021][  0]LogConfig: Setting CVar [[r.Streaming.MipBias:0]]
[2019.07.01-23.08.26:021][  0]LogConfig: Setting CVar [[r.Streaming.AmortizeCPUToGPUCopy:0]]
[2019.07.01-23.08.26:021][  0]LogConfig: Setting CVar [[r.Streaming.MaxNumTexturesToStreamPerFrame:0]]
[2019.07.01-23.08.26:021][  0]LogConfig: Setting CVar [[r.Streaming.Boost:1]]
[2019.07.01-23.08.26:021][  0]LogConfig: Setting CVar [[r.MaxAnisotropy:8]]
[2019.07.01-23.08.26:021][  0]LogConfig: Setting CVar [[r.Streaming.LimitPoolSizeToVRAM:0]]
[2019.07.01-23.08.26:021][  0]LogConfig: Setting CVar [[r.Streaming.PoolSize:1000]]
[2019.07.01-23.08.26:021][  0]LogConfig: Setting CVar [[r.Streaming.MaxEffectiveScreenSize:0]]
[2019.07.01-23.08.26:021][  0]LogConfig: Applying CVar settings from Section [EffectsQuality@3] File [C:/Users/danie/Documents/GitHub/TulsaCountySummer/TCS/Saved/Config/Windows/Scalability.ini]
[2019.07.01-23.08.26:021][  0]LogConfig: Setting CVar [[r.TranslucencyLightingVolumeDim:64]]
[2019.07.01-23.08.26:021][  0]LogConfig: Setting CVar [[r.RefractionQuality:2]]
[2019.07.01-23.08.26:021][  0]LogConfig: Setting CVar [[r.SSR.Quality:3]]
[2019.07.01-23.08.26:021][  0]LogConfig: Setting CVar [[r.SceneColorFormat:4]]
[2019.07.01-23.08.26:021][  0]LogConfig: Setting CVar [[r.DetailMode:2]]
[2019.07.01-23.08.26:021][  0]LogConfig: Setting CVar [[r.TranslucencyVolumeBlur:1]]
[2019.07.01-23.08.26:021][  0]LogConfig: Setting CVar [[r.MaterialQualityLevel:1 ; High quality]]
[2019.07.01-23.08.26:021][  0]LogConfig: Setting CVar [[r.SSS.Scale:1]]
[2019.07.01-23.08.26:021][  0]LogConfig: Setting CVar [[r.SSS.SampleSet:2]]
[2019.07.01-23.08.26:021][  0]LogConfig: Setting CVar [[r.SSS.Quality:1]]
[2019.07.01-23.08.26:021][  0]LogConfig: Setting CVar [[r.SSS.HalfRes:1]]
[2019.07.01-23.08.26:022][  0]LogConfig: Setting CVar [[r.EmitterSpawnRateScale:1.0]]
[2019.07.01-23.08.26:022][  0]LogConfig: Setting CVar [[r.ParticleLightQuality:2]]
[2019.07.01-23.08.26:022][  0]LogConfig: Applying CVar settings from Section [FoliageQuality@3] File [C:/Users/danie/Documents/GitHub/TulsaCountySummer/TCS/Saved/Config/Windows/Scalability.ini]
[2019.07.01-23.08.26:022][  0]LogConfig: Setting CVar [[foliage.DensityScale:1.0]]
[2019.07.01-23.08.26:022][  0]LogConfig: Setting CVar [[grass.DensityScale:1.0]]
[2019.07.01-23.08.26:022][  0]LogInit: Selected Device Profile: [Windows]
[2019.07.01-23.08.26:022][  0]LogInit: Applying CVar settings loaded from the selected device profile: [Windows]
[2019.07.01-23.08.26:935][  0]LogHAL: Display: Platform has ~ 8 GB [8502808576 / 8589934592 / 8], which maps to Default [LargestMinGB=32, LargerMinGB=12, DefaultMinGB=8, SmallerMinGB=6, SmallestMinGB=0)
[2019.07.01-23.08.26:936][  0]LogConfig: Setting CVar [[r.Vulkan.UseRealUBs:1]]
[2019.07.01-23.08.26:936][  0]LogInit: Going up to parent DeviceProfile []
[2019.07.01-23.08.26:936][  0]LogConfig: Applying CVar settings from Section [ViewDistanceQuality@3] File [C:/Users/danie/Documents/GitHub/TulsaCountySummer/TCS/Saved/Config/Windows/Scalability.ini]
[2019.07.01-23.08.26:936][  0]LogConfig: Setting CVar [[r.SkeletalMeshLODBias:0]]
[2019.07.01-23.08.26:936][  0]LogConfig: Setting CVar [[r.ViewDistanceScale:1.0]]
[2019.07.01-23.08.26:936][  0]LogConfig: Applying CVar settings from Section [AntiAliasingQuality@3] File [C:/Users/danie/Documents/GitHub/TulsaCountySummer/TCS/Saved/Config/Windows/Scalability.ini]
[2019.07.01-23.08.26:936][  0]LogConfig: Setting CVar [[r.PostProcessAAQuality:4]]
[2019.07.01-23.08.26:936][  0]LogConfig: Applying CVar settings from Section [ShadowQuality@3] File [C:/Users/danie/Documents/GitHub/TulsaCountySummer/TCS/Saved/Config/Windows/Scalability.ini]
[2019.07.01-23.08.26:936][  0]LogConfig: Setting CVar [[r.LightFunctionQuality:1]]
[2019.07.01-23.08.26:936][  0]LogConfig: Setting CVar [[r.ShadowQuality:5]]
[2019.07.01-23.08.26:936][  0]LogConfig: Setting CVar [[r.Shadow.CSM.MaxCascades:10]]
[2019.07.01-23.08.26:936][  0]LogConfig: Setting CVar [[r.Shadow.MaxResolution:2048]]
[2019.07.01-23.08.26:936][  0]LogConfig: Setting CVar [[r.Shadow.MaxCSMResolution:2048]]
[2019.07.01-23.08.26:937][  0]LogConfig: Setting CVar [[r.Shadow.RadiusThreshold:0.01]]
[2019.07.01-23.08.26:937][  0]LogConfig: Setting CVar [[r.Shadow.DistanceScale:1.0]]
[2019.07.01-23.08.26:937][  0]LogConfig: Setting CVar [[r.Shadow.CSM.TransitionScale:1.0]]
[2019.07.01-23.08.26:937][  0]LogConfig: Setting CVar [[r.Shadow.PreShadowResolutionFactor:1.0]]
[2019.07.01-23.08.26:937][  0]LogConfig: Setting CVar [[r.DistanceFieldShadowing:1]]
[2019.07.01-23.08.26:937][  0]LogConfig: Setting CVar [[r.DistanceFieldAO:1]]
[2019.07.01-23.08.26:937][  0]LogConfig: Setting CVar [[r.AOQuality:2]]
[2019.07.01-23.08.26:937][  0]LogConfig: Setting CVar [[r.VolumetricFog:1]]
[2019.07.01-23.08.26:937][  0]LogConfig: Setting CVar [[r.VolumetricFog.GridPixelSize:8]]
[2019.07.01-23.08.26:937][  0]LogConfig: Setting CVar [[r.VolumetricFog.GridSizeZ:128]]
[2019.07.01-23.08.26:937][  0]LogConfig: Setting CVar [[r.VolumetricFog.HistoryMissSupersampleCount:4]]
[2019.07.01-23.08.26:937][  0]LogConfig: Setting CVar [[r.LightMaxDrawDistanceScale:1]]
[2019.07.01-23.08.26:937][  0]LogConfig: Setting CVar [[r.CapsuleShadows:1]]
[2019.07.01-23.08.26:937][  0]LogConfig: Applying CVar settings from Section [PostProcessQuality@3] File [C:/Users/danie/Documents/GitHub/TulsaCountySummer/TCS/Saved/Config/Windows/Scalability.ini]
[2019.07.01-23.08.26:937][  0]LogConfig: Setting CVar [[r.MotionBlurQuality:4]]
[2019.07.01-23.08.26:937][  0]LogConfig: Setting CVar [[r.AmbientOcclusionMipLevelFactor:0.4]]
[2019.07.01-23.08.26:937][  0]LogConfig: Setting CVar [[r.AmbientOcclusionMaxQuality:100]]
[2019.07.01-23.08.26:937][  0]LogConfig: Setting CVar [[r.AmbientOcclusionLevels:-1]]
[2019.07.01-23.08.26:937][  0]LogConfig: Setting CVar [[r.AmbientOcclusionRadiusScale:1.0]]
[2019.07.01-23.08.26:938][  0]LogConfig: Setting CVar [[r.DepthOfFieldQuality:2]]
[2019.07.01-23.08.26:938][  0]LogConfig: Setting CVar [[r.RenderTargetPoolMin:400]]
[2019.07.01-23.08.26:938][  0]LogConfig: Setting CVar [[r.LensFlareQuality:2]]
[2019.07.01-23.08.26:938][  0]LogConfig: Setting CVar [[r.SceneColorFringeQuality:1]]
[2019.07.01-23.08.26:938][  0]LogConfig: Setting CVar [[r.EyeAdaptationQuality:2]]
[2019.07.01-23.08.26:938][  0]LogConfig: Setting CVar [[r.BloomQuality:5]]
[2019.07.01-23.08.26:938][  0]LogConfig: Setting CVar [[r.FastBlurThreshold:100]]
[2019.07.01-23.08.26:938][  0]LogConfig: Setting CVar [[r.Upscale.Quality:3]]
[2019.07.01-23.08.26:938][  0]LogConfig: Setting CVar [[r.Tonemapper.GrainQuantization:1]]
[2019.07.01-23.08.26:938][  0]LogConfig: Setting CVar [[r.LightShaftQuality:1]]
[2019.07.01-23.08.26:938][  0]LogConfig: Setting CVar [[r.Filter.SizeScale:1]]
[2019.07.01-23.08.26:938][  0]LogConfig: Setting CVar [[r.Tonemapper.Quality:5]]
[2019.07.01-23.08.26:938][  0]LogConfig: Setting CVar [[r.DOF.Gather.AccumulatorQuality:1        ; higher gathering accumulator quality]]
[2019.07.01-23.08.26:938][  0]LogConfig: Setting CVar [[r.DOF.Gather.PostfilterMethod:1          ; Median3x3 postfilering method]]
[2019.07.01-23.08.26:938][  0]LogConfig: Setting CVar [[r.DOF.Gather.EnableBokehSettings:0       ; no bokeh simulation when gathering]]
[2019.07.01-23.08.26:938][  0]LogConfig: Setting CVar [[r.DOF.Gather.RingCount:4                 ; medium number of samples when gathering]]
[2019.07.01-23.08.26:938][  0]LogConfig: Setting CVar [[r.DOF.Scatter.ForegroundCompositing:1    ; additive foreground scattering]]
[2019.07.01-23.08.26:938][  0]LogConfig: Setting CVar [[r.DOF.Scatter.BackgroundCompositing:2    ; additive background scattering]]
[2019.07.01-23.08.26:938][  0]LogConfig: Setting CVar [[r.DOF.Scatter.EnableBokehSettings:1      ; bokeh simulation when scattering]]
[2019.07.01-23.08.26:939][  0]LogConfig: Setting CVar [[r.DOF.Scatter.MaxSpriteRatio:0.1         ; only a maximum of 10% of scattered bokeh]]
[2019.07.01-23.08.26:939][  0]LogConfig: Setting CVar [[r.DOF.Recombine.Quality:1                ; cheap slight out of focus]]
[2019.07.01-23.08.26:939][  0]LogConfig: Setting CVar [[r.DOF.Recombine.EnableBokehSettings:0    ; no bokeh simulation on slight out of focus]]
[2019.07.01-23.08.26:939][  0]LogConfig: Setting CVar [[r.DOF.TemporalAAQuality:1                ; more stable temporal accumulation]]
[2019.07.01-23.08.26:939][  0]LogConfig: Setting CVar [[r.DOF.Kernel.MaxForegroundRadius:0.025]]
[2019.07.01-23.08.26:939][  0]LogConfig: Setting CVar [[r.DOF.Kernel.MaxBackgroundRadius:0.025]]
[2019.07.01-23.08.26:939][  0]LogConfig: Applying CVar settings from Section [TextureQuality@3] File [C:/Users/danie/Documents/GitHub/TulsaCountySummer/TCS/Saved/Config/Windows/Scalability.ini]
[2019.07.01-23.08.26:939][  0]LogConfig: Setting CVar [[r.Streaming.MipBias:0]]
[2019.07.01-23.08.26:939][  0]LogConfig: Setting CVar [[r.Streaming.AmortizeCPUToGPUCopy:0]]
[2019.07.01-23.08.26:939][  0]LogConfig: Setting CVar [[r.Streaming.MaxNumTexturesToStreamPerFrame:0]]
[2019.07.01-23.08.26:939][  0]LogConfig: Setting CVar [[r.Streaming.Boost:1]]
[2019.07.01-23.08.26:939][  0]LogConfig: Setting CVar [[r.MaxAnisotropy:8]]
[2019.07.01-23.08.26:939][  0]LogConfig: Setting CVar [[r.Streaming.LimitPoolSizeToVRAM:0]]
[2019.07.01-23.08.26:939][  0]LogConfig: Setting CVar [[r.Streaming.PoolSize:1000]]
[2019.07.01-23.08.26:939][  0]LogConfig: Setting CVar [[r.Streaming.MaxEffectiveScreenSize:0]]
[2019.07.01-23.08.26:939][  0]LogConfig: Applying CVar settings from Section [EffectsQuality@3] File [C:/Users/danie/Documents/GitHub/TulsaCountySummer/TCS/Saved/Config/Windows/Scalability.ini]
[2019.07.01-23.08.26:939][  0]LogConfig: Setting CVar [[r.TranslucencyLightingVolumeDim:64]]
[2019.07.01-23.08.26:939][  0]LogConfig: Setting CVar [[r.RefractionQuality:2]]
[2019.07.01-23.08.26:940][  0]LogConfig: Setting CVar [[r.SSR.Quality:3]]
[2019.07.01-23.08.26:940][  0]LogConfig: Setting CVar [[r.SceneColorFormat:4]]
[2019.07.01-23.08.26:940][  0]LogConfig: Setting CVar [[r.DetailMode:2]]
[2019.07.01-23.08.26:940][  0]LogConfig: Setting CVar [[r.TranslucencyVolumeBlur:1]]
[2019.07.01-23.08.26:940][  0]LogConfig: Setting CVar [[r.MaterialQualityLevel:1 ; High quality]]
[2019.07.01-23.08.26:940][  0]LogConfig: Setting CVar [[r.SSS.Scale:1]]
[2019.07.01-23.08.26:940][  0]LogConfig: Setting CVar [[r.SSS.SampleSet:2]]
[2019.07.01-23.08.26:940][  0]LogConfig: Setting CVar [[r.SSS.Quality:1]]
[2019.07.01-23.08.26:940][  0]LogConfig: Setting CVar [[r.SSS.HalfRes:1]]
[2019.07.01-23.08.26:940][  0]LogConfig: Setting CVar [[r.EmitterSpawnRateScale:1.0]]
[2019.07.01-23.08.26:940][  0]LogConfig: Setting CVar [[r.ParticleLightQuality:2]]
[2019.07.01-23.08.26:940][  0]LogConfig: Applying CVar settings from Section [FoliageQuality@3] File [C:/Users/danie/Documents/GitHub/TulsaCountySummer/TCS/Saved/Config/Windows/Scalability.ini]
[2019.07.01-23.08.26:940][  0]LogConfig: Setting CVar [[foliage.DensityScale:1.0]]
[2019.07.01-23.08.26:940][  0]LogConfig: Setting CVar [[grass.DensityScale:1.0]]
[2019.07.01-23.08.26:940][  0]LogConfig: Applying CVar settings from Section [Startup] File [../../../Engine/Config/ConsoleVariables.ini]
[2019.07.01-23.08.26:941][  0]LogConfig: Setting CVar [[net.UseAdaptiveNetUpdateFrequency:0]]
[2019.07.01-23.08.26:941][  0]LogConfig: Applying CVar settings from Section [ConsoleVariables] File [C:/Users/danie/Documents/GitHub/TulsaCountySummer/TCS/Saved/Config/Windows/Engine.ini]
[2019.07.01-23.08.26:942][  0]LogInit: Computer: LAPTOP-8MM05LH4
[2019.07.01-23.08.26:942][  0]LogInit: User: danie
[2019.07.01-23.08.26:942][  0]LogInit: CPU Page size=4096, Cores=4
[2019.07.01-23.08.26:942][  0]LogInit: High frequency timer resolution =1.757809 MHz
[2019.07.01-23.08.26:943][  0]LogMemory: Memory total: Physical=7.9GB (8GB approx)
[2019.07.01-23.08.26:943][  0]LogMemory: Platform Memory Stats for Windows
[2019.07.01-23.08.26:943][  0]LogMemory: Process Physical Memory: 103.34 MB used, 103.34 MB peak
[2019.07.01-23.08.26:943][  0]LogMemory: Process Virtual Memory: 89.89 MB used, 89.89 MB peak
[2019.07.01-23.08.26:943][  0]LogMemory: Physical Memory: 3940.25 MB used,  4168.66 MB free, 8108.91 MB total
[2019.07.01-23.08.26:943][  0]LogMemory: Virtual Memory: 4651.16 MB used,  134213080.00 MB free, 134217728.00 MB total
[2019.07.01-23.08.26:980][  0]LogInit: Using OS detected language (en-US).
[2019.07.01-23.08.26:980][  0]LogInit: Using OS detected locale (en-US).
[2019.07.01-23.08.26:981][  0]LogTextLocalizationManager: No specific localization for 'en-US' exists, so the 'en' localization will be used.
[2019.07.01-23.08.27:365][  0]LogStreaming: Display: Took  0.386s to InitEngineTextLocalization.
[2019.07.01-23.08.27:366][  0]LogInit: Setting process to per monitor DPI aware
[2019.07.01-23.08.27:405][  0]LogSlate: New Slate User Created.  User Index 0, Is Virtual User: 0
[2019.07.01-23.08.27:405][  0]LogSlate: Slate User Registered.  User Index 0, Is Virtual User: 0
[2019.07.01-23.08.27:645][  0]LogHMD: Failed to initialize OpenVR with code 110
[2019.07.01-23.08.27:645][  0]LogD3D11RHI: D3D11 adapters:
[2019.07.01-23.08.27:724][  0]LogD3D11RHI:    0. 'Intel(R) UHD Graphics 620' (Feature Level 11_0)
[2019.07.01-23.08.27:724][  0]LogD3D11RHI:       128/0/4054 MB DedicatedVideo/DedicatedSystem/SharedSystem, Outputs:1, VendorId:0x8086
[2019.07.01-23.08.27:727][  0]LogD3D11RHI:    1. 'Microsoft Basic Render Driver' (Feature Level 11_0)
[2019.07.01-23.08.27:727][  0]LogD3D11RHI:       0/0/4054 MB DedicatedVideo/DedicatedSystem/SharedSystem, Outputs:0, VendorId:0x1414
[2019.07.01-23.08.27:727][  0]LogD3D11RHI: Chosen D3D11 Adapter: 0
[2019.07.01-23.08.27:733][  0]LogD3D11RHI: Creating new Direct3DDevice
[2019.07.01-23.08.27:733][  0]LogD3D11RHI:     GPU DeviceId: 0x5917 (for the marketing name, search the web for "GPU Device Id")
[2019.07.01-23.08.27:733][  0]LogWindows: EnumDisplayDevices:
[2019.07.01-23.08.27:733][  0]LogWindows:    0. 'Intel(R) UHD Graphics 620' (P:1 D:1)
[2019.07.01-23.08.27:733][  0]LogWindows:    1. 'Intel(R) UHD Graphics 620' (P:0 D:0)
[2019.07.01-23.08.27:734][  0]LogWindows:    2. 'Intel(R) UHD Graphics 620' (P:0 D:0)
[2019.07.01-23.08.27:734][  0]LogWindows: DebugString: FoundDriverCount:3 
[2019.07.01-23.08.27:734][  0]LogD3D11RHI:     Adapter Name: Intel(R) UHD Graphics 620
[2019.07.01-23.08.27:734][  0]LogD3D11RHI:   Driver Version: 25.20.100.6373 (internal:25.20.100.6373, unified:25.20.100.6373)
[2019.07.01-23.08.27:734][  0]LogD3D11RHI:      Driver Date: 11-18-2018
[2019.07.01-23.08.27:734][  0]LogRHI: Texture pool is 1508 MB (70% of 2155 MB)
[2019.07.01-23.08.27:950][  0]LogD3D11RHI: [IntelMetricsDiscovery] Started
[2019.07.01-23.08.27:950][  0]LogD3D11RHI: Async texture creation enabled
[2019.07.01-23.08.27:956][  0]LogD3D11RHI: GPU Timing Frequency: 12.000048 (Debug: 2 0)
[2019.07.01-23.08.28:544][  0]LogTemp: Display: Loaded TP AllDesktopTargetPlatform
[2019.07.01-23.08.28:558][  0]LogTemp: Display: Loaded TP MacClientTargetPlatform
[2019.07.01-23.08.28:571][  0]LogTemp: Display: Loaded TP MacNoEditorTargetPlatform
[2019.07.01-23.08.28:585][  0]LogTemp: Display: Loaded TP MacServerTargetPlatform
[2019.07.01-23.08.28:599][  0]LogTemp: Display: Loaded TP MacTargetPlatform
[2019.07.01-23.08.28:612][  0]LogTemp: Display: Loaded TP WindowsClientTargetPlatform
[2019.07.01-23.08.28:626][  0]LogTemp: Display: Loaded TP WindowsNoEditorTargetPlatform
[2019.07.01-23.08.28:640][  0]LogTemp: Display: Loaded TP WindowsServerTargetPlatform
[2019.07.01-23.08.28:647][  0]LogTemp: Display: Loaded TP WindowsTargetPlatform
[2019.07.01-23.08.28:722][  0]LogTemp: Display: Loaded TP AndroidTargetPlatform
[2019.07.01-23.08.28:722][  0]LogTemp: Display: Loaded TP AndroidTargetPlatform
[2019.07.01-23.08.28:722][  0]LogTemp: Display: Loaded TP AndroidTargetPlatform
[2019.07.01-23.08.28:722][  0]LogTemp: Display: Loaded TP AndroidTargetPlatform
[2019.07.01-23.08.28:722][  0]LogTemp: Display: Loaded TP AndroidTargetPlatform
[2019.07.01-23.08.28:722][  0]LogTemp: Display: Loaded TP AndroidTargetPlatform
[2019.07.01-23.08.28:722][  0]LogTemp: Display: Loaded TP AndroidTargetPlatform
[2019.07.01-23.08.28:722][  0]LogTemp: Display: Loaded TP AndroidTargetPlatform
[2019.07.01-23.08.28:722][  0]LogTemp: Display: Loaded TP AndroidTargetPlatform
[2019.07.01-23.08.28:722][  0]LogTemp: Display: Loaded TP AndroidTargetPlatform
[2019.07.01-23.08.28:722][  0]LogTemp: Display: Loaded TP AndroidTargetPlatform
[2019.07.01-23.08.28:722][  0]LogTemp: Display: Loaded TP AndroidTargetPlatform
[2019.07.01-23.08.28:722][  0]LogTemp: Display: Loaded TP AndroidTargetPlatform
[2019.07.01-23.08.28:722][  0]LogTemp: Display: Loaded TP AndroidTargetPlatform
[2019.07.01-23.08.28:722][  0]LogTemp: Display: Loaded TP AndroidTargetPlatform
[2019.07.01-23.08.28:722][  0]LogTemp: Display: Loaded TP AndroidTargetPlatform
[2019.07.01-23.08.28:722][  0]LogTemp: Display: Loaded TP AndroidTargetPlatform
[2019.07.01-23.08.28:722][  0]LogTemp: Display: Loaded TP AndroidTargetPlatform
[2019.07.01-23.08.28:724][  0]LogTemp: Display: Loaded TP HTML5TargetPlatform
[2019.07.01-23.08.28:787][  0]LogTemp: Display: Loaded TP IOSTargetPlatform
[2019.07.01-23.08.28:787][  0]LogTemp: Display: Loaded TP IOSTargetPlatform
[2019.07.01-23.08.28:811][  0]LogTemp: Display: Loaded TP TVOSTargetPlatform
[2019.07.01-23.08.28:811][  0]LogTemp: Display: Loaded TP TVOSTargetPlatform
[2019.07.01-23.08.28:824][  0]LogTemp: Display: Loaded TP LinuxClientTargetPlatform
[2019.07.01-23.08.28:836][  0]LogTemp: Display: Loaded TP LinuxNoEditorTargetPlatform
[2019.07.01-23.08.28:849][  0]LogTemp: Display: Loaded TP LinuxServerTargetPlatform
[2019.07.01-23.08.28:862][  0]LogTemp: Display: Loaded TP LinuxTargetPlatform
[2019.07.01-23.08.28:908][  0]LogTemp: Display: Loaded TP LuminTargetPlatform
[2019.07.01-23.08.28:908][  0]LogTemp: Display: Loaded TP LuminTargetPlatform
[2019.07.01-23.08.28:908][  0]LogTargetPlatformManager: Display: Building Assets For Windows
[2019.07.01-23.08.28:979][  0]LogShaderCompilers: Guid format shader working directory is -22 characters bigger than the processId version (../../../../../../Users/danie/Documents/GitHub/TulsaCountySummer/TCS/Intermediate/Shaders/WorkingDirectory/2152/).
[2019.07.01-23.08.28:979][  0]LogShaderCompilers: Cleaned the shader compiler working directory 'C:/Users/danie/AppData/Local/Temp/UnrealShaderWorkingDir/939E87C74601442DC3B9239FBF8B7EE6/'.
[2019.07.01-23.08.28:982][  0]LogXGEController: Cleaning working directory: C:/Users/danie/AppData/Local/Temp/UnrealXGEWorkingDir/
[2019.07.01-23.08.28:982][  0]LogXGEController: Cannot use XGE Controller as Incredibuild is not installed on this machine.
[2019.07.01-23.08.28:982][  0]LogShaderCompilers: Cannot use XGE Shader Compiler as Incredibuild is not installed on this machine.
[2019.07.01-23.08.28:982][  0]LogShaderCompilers: Display: Using Local Shader Compiler.
[2019.07.01-23.08.29:515][  0]LogDerivedDataCache: Display: Max Cache Size: 512 MB
[2019.07.01-23.08.29:591][  0]LogDerivedDataCache: Loaded boot cache 0.08s 81MB C:/Users/danie/AppData/Local/UnrealEngine/4.21/DerivedDataCache/Boot.ddc.
[2019.07.01-23.08.29:591][  0]LogDerivedDataCache: Display: Loaded Boot cache: C:/Users/danie/AppData/Local/UnrealEngine/4.21/DerivedDataCache/Boot.ddc
[2019.07.01-23.08.29:591][  0]LogDerivedDataCache: FDerivedDataBackendGraph:  Pak pak cache file ../../../../../../Users/danie/Documents/GitHub/TulsaCountySummer/TCS/DerivedDataCache/DDC.ddp not found, will not use a pak cache.
[2019.07.01-23.08.29:591][  0]LogDerivedDataCache: Unable to find inner node Pak for hierarchical cache Hierarchy.
[2019.07.01-23.08.29:591][  0]LogDerivedDataCache: FDerivedDataBackendGraph:  CompressedPak pak cache file ../../../../../../Users/danie/Documents/GitHub/TulsaCountySummer/TCS/DerivedDataCache/Compressed.ddp not found, will not use a pak cache.
[2019.07.01-23.08.29:591][  0]LogDerivedDataCache: Unable to find inner node CompressedPak for hierarchical cache Hierarchy.
[2019.07.01-23.08.29:607][  0]LogDerivedDataCache: Display: Pak cache opened for reading ../../../Engine/DerivedDataCache/Compressed.ddp.
[2019.07.01-23.08.29:607][  0]LogDerivedDataCache: FDerivedDataBackendGraph:  EnterprisePak pak cache file ../../../Enterprise/DerivedDataCache/Compressed.ddp not found, will not use a pak cache.
[2019.07.01-23.08.29:607][  0]LogDerivedDataCache: Unable to find inner node EnterprisePak for hierarchical cache Hierarchy.
[2019.07.01-23.08.29:619][  0]LogDerivedDataCache: Using Local data cache path C:/Users/danie/AppData/Local/UnrealEngine/Common/DerivedDataCache: Writable
[2019.07.01-23.08.29:619][  0]LogDerivedDataCache: Shared data cache path not found in *engine.ini, will not use an Shared cache.
[2019.07.01-23.08.29:619][  0]LogDerivedDataCache: Unable to find inner node Shared for hierarchical cache Hierarchy.
[2019.07.01-23.08.29:643][  0]LogMaterial: Verifying Global Shaders for PCD3D_SM5
[2019.07.01-23.08.29:644][  0]LogSlate: Using FreeType 2.6.0
[2019.07.01-23.08.29:645][  0]LogSlate: SlateFontServices - WITH_FREETYPE: 1, WITH_HARFBUZZ: 1
[2019.07.01-23.08.29:739][  0]LogAssetRegistry: FAssetRegistry took 0.0339 seconds to start up
[2019.07.01-23.08.30:114][  0]LogInit: Selected Device Profile: [Windows]
[2019.07.01-23.08.30:197][  0]LogSimplygon: Simplygon DLL not present - disabling.
[2019.07.01-23.08.30:202][  0]LogMeshReduction: Using SimplygonSwarm for distributed automatic mesh merging
[2019.07.01-23.08.30:202][  0]LogMeshReduction: Using ProxyLODMeshReduction for automatic mesh merging
[2019.07.01-23.08.30:202][  0]LogMeshReduction: Using QuadricMeshReduction for automatic static mesh reduction
[2019.07.01-23.08.30:202][  0]LogMeshReduction: No automatic skeletal mesh reduction module available
[2019.07.01-23.08.30:316][  0]LogNetVersion: TCS 1.0.0, NetCL: 4541578, EngineNetVer: 5, GameNetVer: 0 (Checksum: 3227077689)
[2019.07.01-23.08.30:948][  0]LogPackageLocalizationCache: Processed 11 localized package path(s) for 2 prioritized culture(s) in 0.124370 seconds
[2019.07.01-23.08.30:953][  0]LogUObjectArray: 39775 objects as part of root set at end of initial load.
[2019.07.01-23.08.30:954][  0]LogUObjectAllocator: 6914664 out of 0 bytes used by permanent object pool.
[2019.07.01-23.08.30:954][  0]LogUObjectArray: CloseDisregardForGC: 0/0 objects in disregard for GC pool
[2019.07.01-23.08.31:932][  0]LogTcpMessaging: Initializing TcpMessaging bridge
[2019.07.01-23.08.31:948][  0]LogUdpMessaging: Initializing bridge on interface 0.0.0.0:0 to multicast group 230.0.0.1:6666.
[2019.07.01-23.08.32:715][  0]SourceControl: Source control is disabled
[2019.07.01-23.08.32:715][  0]SourceControl: Source control is disabled
[2019.07.01-23.08.32:741][  0]SourceControl: Source control is disabled
[2019.07.01-23.08.32:742][  0]SourceControl: Source control is disabled
[2019.07.01-23.08.32:998][  0]LogAndroidPermission: UAndroidPermissionCallbackProxy::GetInstance
[2019.07.01-23.08.33:076][  0]LogOcInput: OculusInput pre-init called
[2019.07.01-23.08.33:252][  0]LogEngine: Initializing Engine...
[2019.07.01-23.08.33:253][  0]LogHMD: Failed to initialize OpenVR with code 110
[2019.07.01-23.08.33:254][  0]LogStats: UGameplayTagsManager::ConstructGameplayTagTree: ImportINI prefixes -  0.000 s
[2019.07.01-23.08.33:254][  0]LogStats: UGameplayTagsManager::ConstructGameplayTagTree: Construct from data asset -  0.000 s
[2019.07.01-23.08.33:254][  0]LogStats: UGameplayTagsManager::ConstructGameplayTagTree: ImportINI -  0.000 s
[2019.07.01-23.08.33:254][  0]LogStats: UGameplayTagsManager::ConstructGameplayTagTree: GameplayTagTreeChangedEvent.Broadcast -  0.000 s
[2019.07.01-23.08.33:502][  0]LogInit: Initializing FReadOnlyCVARCache
[2019.07.01-23.08.33:521][  0]LogAIModule: Creating AISystem for world Untitled
[2019.07.01-23.08.33:532][  0]LogInit: XAudio2 using 'Speaker/Headphone (Realtek High Definition Audio)' : 2 channels at 48 kHz using 32 bits per sample (channel mask 0x3)
[2019.07.01-23.08.33:792][  0]LogInit: FAudioDevice initialized.
[2019.07.01-23.08.33:792][  0]LogNetVersion: Set ProjectVersion to 1.0.0.0. Version Checksum will be recalculated on next use.
[2019.07.01-23.08.34:098][  0]LogDerivedDataCache: Saved boot cache 0.31s 81MB C:/Users/danie/AppData/Local/UnrealEngine/4.21/DerivedDataCache/Boot.ddc.
[2019.07.01-23.08.34:123][  0]LogInit: Texture streaming: Enabled
[2019.07.01-23.08.34:143][  0]LogEngineSessionManager: EngineSessionManager initialized
[2019.07.01-23.08.34:160][  0]LogInit: Transaction tracking system initialized
[2019.07.01-23.08.34:187][  0]BlueprintLog: New page: Editor Load
[2019.07.01-23.08.34:277][  0]LocalizationService: Localization service is disabled
[2019.07.01-23.08.34:791][  0]LogCook: Display: Max memory allowance for cook 16384mb min free memory 0mb
[2019.07.01-23.08.34:791][  0]LogCook: Display: Mobile HDR setting 1
[2019.07.01-23.08.34:791][  0]LogGameplayTags: Display: UGameplayTagsManager::DoneAddingNativeTags. DelegateIsBound: 0
[2019.07.01-23.08.34:791][  0]LogStats: UGameplayTagsManager::ConstructGameplayTagTree: ImportINI prefixes -  0.000 s
[2019.07.01-23.08.34:791][  0]LogStats: UGameplayTagsManager::ConstructGameplayTagTree: Construct from data asset -  0.000 s
[2019.07.01-23.08.34:791][  0]LogFileCache: Scanning file cache for directory 'C:/Users/danie/Documents/GitHub/TulsaCountySummer/TCS/Content/' took 0.03s
[2019.07.01-23.08.34:791][  0]LogStats: UGameplayTagsManager::ConstructGameplayTagTree: ImportINI -  0.000 s
[2019.07.01-23.08.34:792][  0]LogStats: UGameplayTagsManager::ConstructGameplayTagTree: GameplayTagTreeChangedEvent.Broadcast -  0.000 s
[2019.07.01-23.08.34:941][  0]SourceControl: Source control is disabled
[2019.07.01-23.08.34:941][  0]Cmd: MAP LOAD FILE="../../../../../../Users/danie/Documents/GitHub/TulsaCountySummer/TCS/Content/ThirdPersonBP/Maps/ThirdPersonExampleMap.umap" TEMPLATE=0 SHOWPROGRESS=1 FEATURELEVEL=3
[2019.07.01-23.08.34:942][  0]LightingResults: New page: Lighting Build
[2019.07.01-23.08.34:945][  0]MapCheck: New page: Map Check
[2019.07.01-23.08.34:945][  0]LightingResults: New page: Lighting Build
[2019.07.01-23.08.35:203][  0]LogAIModule: Creating AISystem for world ThirdPersonExampleMap
[2019.07.01-23.08.35:212][  0]LogEditorServer: Finished looking for orphan Actors (0.000 secs)
[2019.07.01-23.08.35:234][  0]Cmd: MAP CHECKDEP NOCLEARLOG
[2019.07.01-23.08.35:234][  0]MapCheck: Map check complete: 0 Error(s), 0 Warning(s), took 0.2ms to complete.
[2019.07.01-23.08.35:234][  0]LogFileHelpers: Loading map 'ThirdPersonExampleMap' took 0.293
[2019.07.01-23.08.35:365][  0]LogSlate: Updating window title bar state: overlay mode, drag disabled, window buttons hidden, title bar hidden
[2019.07.01-23.08.35:372][  0]LogSlate: Updating window title bar state: overlay mode, drag disabled, window buttons hidden, title bar hidden
[2019.07.01-23.08.35:379][  0]LogSlate: Updating window title bar state: overlay mode, drag disabled, window buttons hidden, title bar hidden
[2019.07.01-23.08.35:386][  0]LogSlate: Updating window title bar state: overlay mode, drag disabled, window buttons hidden, title bar hidden
[2019.07.01-23.08.35:394][  0]LogCollectionManager: Loaded 0 collections in 0.002065 seconds
[2019.07.01-23.08.35:445][  0]LogFileCache: Scanning file cache for directory 'C:/Users/danie/Documents/GitHub/TulsaCountySummer/TCS/Saved/Collections/' took 0.01s
[2019.07.01-23.08.35:445][  0]LogFileCache: Scanning file cache for directory 'C:/Users/danie/Documents/GitHub/TulsaCountySummer/TCS/Content/Developers/danie/Collections/' took 0.01s
[2019.07.01-23.08.35:445][  0]LogFileCache: Scanning file cache for directory 'C:/Users/danie/Documents/GitHub/TulsaCountySummer/TCS/Content/Collections/' took 0.01s
[2019.07.01-23.08.35:445][  0]LogCollectionManager: Rebuilt the GUID cache for 0 collections in 0.000001 seconds
[2019.07.01-23.08.35:471][  0]LogContentBrowser: Native class hierarchy populated in 0.0250 seconds. Added 2651 classes and 620 folders.
[2019.07.01-23.08.35:484][  0]LogContentBrowser: Native class hierarchy updated for 'WidgetCarousel' in 0.0003 seconds. Added 0 classes and 0 folders.
[2019.07.01-23.08.35:487][  0]LogPakFile: Registered encryption key '00000000000000000000000000000000': 0 pak files mounted, 0 remain pending
[2019.07.01-23.08.35:488][  0]LogPakFile: Registered encryption key '00000000000000000000000000000000': 0 pak files mounted, 0 remain pending
[2019.07.01-23.08.35:489][  0]LogPakFile: Registered encryption key '00000000000000000000000000000000': 0 pak files mounted, 0 remain pending
[2019.07.01-23.08.35:489][  0]LogPakFile: Registered encryption key '00000000000000000000000000000000': 0 pak files mounted, 0 remain pending
[2019.07.01-23.08.35:490][  0]LogPakFile: Registered encryption key '00000000000000000000000000000000': 0 pak files mounted, 0 remain pending
[2019.07.01-23.08.35:491][  0]LogPakFile: Registered encryption key '00000000000000000000000000000000': 0 pak files mounted, 0 remain pending
[2019.07.01-23.08.35:491][  0]LogPakFile: Registered encryption key '00000000000000000000000000000000': 0 pak files mounted, 0 remain pending
[2019.07.01-23.08.35:492][  0]LogPakFile: Registered encryption key '00000000000000000000000000000000': 0 pak files mounted, 0 remain pending
[2019.07.01-23.08.35:493][  0]LogPakFile: Registered encryption key '00000000000000000000000000000000': 0 pak files mounted, 0 remain pending
[2019.07.01-23.08.35:493][  0]LogPakFile: Registered encryption key '00000000000000000000000000000000': 0 pak files mounted, 0 remain pending
[2019.07.01-23.08.35:494][  0]LogPakFile: Registered encryption key '00000000000000000000000000000000': 0 pak files mounted, 0 remain pending
[2019.07.01-23.08.35:495][  0]LogPakFile: Registered encryption key '00000000000000000000000000000000': 0 pak files mounted, 0 remain pending
[2019.07.01-23.08.35:495][  0]LogPakFile: Registered encryption key '00000000000000000000000000000000': 0 pak files mounted, 0 remain pending
[2019.07.01-23.08.35:496][  0]LogPakFile: Registered encryption key '00000000000000000000000000000000': 0 pak files mounted, 0 remain pending
[2019.07.01-23.08.35:496][  0]LogPakFile: Registered encryption key '00000000000000000000000000000000': 0 pak files mounted, 0 remain pending
[2019.07.01-23.08.35:497][  0]LogPakFile: Registered encryption key '00000000000000000000000000000000': 0 pak files mounted, 0 remain pending
[2019.07.01-23.08.35:498][  0]LogPakFile: Registered encryption key '00000000000000000000000000000000': 0 pak files mounted, 0 remain pending
[2019.07.01-23.08.35:498][  0]LogPakFile: Registered encryption key '00000000000000000000000000000000': 0 pak files mounted, 0 remain pending
[2019.07.01-23.08.35:499][  0]LogPakFile: Registered encryption key '00000000000000000000000000000000': 0 pak files mounted, 0 remain pending
[2019.07.01-23.08.35:499][  0]LogPakFile: Registered encryption key '00000000000000000000000000000000': 0 pak files mounted, 0 remain pending
[2019.07.01-23.08.35:500][  0]LogPakFile: Registered encryption key '00000000000000000000000000000000': 0 pak files mounted, 0 remain pending
[2019.07.01-23.08.35:501][  0]LogPakFile: Registered encryption key '00000000000000000000000000000000': 0 pak files mounted, 0 remain pending
[2019.07.01-23.08.35:501][  0]LogPakFile: Registered encryption key '00000000000000000000000000000000': 0 pak files mounted, 0 remain pending
[2019.07.01-23.08.35:502][  0]LogPakFile: Registered encryption key '00000000000000000000000000000000': 0 pak files mounted, 0 remain pending
[2019.07.01-23.08.35:502][  0]LogPakFile: Registered encryption key '00000000000000000000000000000000': 0 pak files mounted, 0 remain pending
[2019.07.01-23.08.35:503][  0]LogPakFile: Registered encryption key '00000000000000000000000000000000': 0 pak files mounted, 0 remain pending
[2019.07.01-23.08.35:547][  0]LogContentBrowser: Native class hierarchy updated for 'AddContentDialog' in 0.0003 seconds. Added 0 classes and 0 folders.
[2019.07.01-23.08.35:559][  0]LogContentBrowser: Native class hierarchy updated for 'SceneOutliner' in 0.0003 seconds. Added 1 classes and 2 folders.
[2019.07.01-23.08.35:620][  0]LogSlate: Took 0.000360 seconds to synchronously load lazily loaded font '../../../Engine/Content/Slate/Fonts/Roboto-Regular.ttf' (155K)
[2019.07.01-23.08.35:623][  0]LogSlate: Took 0.000253 seconds to synchronously load lazily loaded font '../../../Engine/Content/Slate/Fonts/Roboto-Bold.ttf' (160K)
[2019.07.01-23.08.35:629][  0]LogSlate: Took 0.000267 seconds to synchronously load lazily loaded font '../../../Engine/Content/Editor/Slate/Fonts/FontAwesome.ttf' (139K)
[2019.07.01-23.08.35:721][  0]LogRenderer: Reallocating scene render targets to support 892x356 Format 10 NumSamples 1 (Frame:1).
[2019.07.01-23.08.35:904][  0]LogContentBrowser: Native class hierarchy updated for 'HierarchicalLODOutliner' in 0.0003 seconds. Added 0 classes and 0 folders.
[2019.07.01-23.08.35:904][  0]LogLoad: (Engine Initialization) Total time: 12.02 seconds
[2019.07.01-23.08.35:904][  0]LogLoad: (Engine Initialization) Total Blueprint compile time: 0.00 seconds
[2019.07.01-23.08.35:932][  0]LogWindowsTextInputMethodSystem: Display: IME system now deactivated.
[2019.07.01-23.08.35:990][  0]LogContentStreaming: Texture pool size now 1000 MB
[2019.07.01-23.08.36:012][  0]LogSlate: Took 0.000257 seconds to synchronously load lazily loaded font '../../../Engine/Content/Slate/Fonts/Roboto-Light.ttf' (167K)
[2019.07.01-23.08.36:302][  2]LogAssetRegistry: Asset discovery search completed in 6.5864 seconds
[2019.07.01-23.08.36:307][  2]LogCollectionManager: Rebuilt the object cache for 0 collections in 0.000000 seconds (found 0 objects)
[2019.07.01-23.08.36:307][  2]LogCollectionManager: Fixed up redirectors for 0 collections in 0.000084 seconds (updated 0 objects)
[2019.07.01-23.08.36:982][ 19]LogSlate: Took 0.000294 seconds to synchronously load lazily loaded font '../../../Engine/Content/Slate/Fonts/Roboto-Light.ttf' (167K)
[2019.07.02-00.06.41:513][659]LogUnrealEdMisc: Warning: Heartbeat event firing too frequently (0.000 sec). This should never happen. Something is wrong with the timer delegate!
[2019.07.02-00.06.41:513][659]LogUnrealEdMisc: Warning: Heartbeat event firing too frequently (0.000 sec). This should never happen. Something is wrong with the timer delegate!
[2019.07.02-00.06.41:513][659]LogUnrealEdMisc: Warning: Heartbeat event firing too frequently (0.000 sec). This should never happen. Something is wrong with the timer delegate!
[2019.07.02-00.06.41:513][659]LogUnrealEdMisc: Warning: Heartbeat event firing too frequently (0.000 sec). This should never happen. Something is wrong with the timer delegate!
[2019.07.02-00.06.41:513][659]LogUnrealEdMisc: Warning: Heartbeat event firing too frequently (0.000 sec). This should never happen. Something is wrong with the timer delegate!
[2019.07.02-00.06.41:513][659]LogUnrealEdMisc: Warning: Heartbeat event firing too frequently (0.000 sec). This should never happen. Something is wrong with the timer delegate!
[2019.07.02-00.06.41:513][659]LogUnrealEdMisc: Warning: Heartbeat event firing too frequently (0.000 sec). This should never happen. Something is wrong with the timer delegate!
[2019.07.02-00.06.41:513][659]LogUnrealEdMisc: Warning: Heartbeat event firing too frequently (0.000 sec). This should never happen. Something is wrong with the timer delegate!
[2019.07.02-00.06.41:513][659]LogUnrealEdMisc: Warning: Heartbeat event firing too frequently (0.000 sec). This should never happen. Something is wrong with the timer delegate!
[2019.07.02-00.06.41:513][659]LogUnrealEdMisc: Warning: Heartbeat event firing too frequently (0.000 sec). This should never happen. Something is wrong with the timer delegate!
[2019.07.02-00.06.41:513][659]LogUnrealEdMisc: Warning: Heartbeat event firing too frequently (0.000 sec). This should never happen. Something is wrong with the timer delegate!
[2019.07.02-00.06.41:513][659]LogUnrealEdMisc: Warning: Heartbeat event firing too frequently (0.000 sec). This should never happen. Something is wrong with the timer delegate!
[2019.07.02-00.06.41:513][659]LogUnrealEdMisc: Warning: Heartbeat event firing too frequently (0.000 sec). This should never happen. Something is wrong with the timer delegate!
[2019.07.02-00.06.41:513][659]LogUnrealEdMisc: Warning: Heartbeat event firing too frequently (0.001 sec). This should never happen. Something is wrong with the timer delegate!
[2019.07.02-00.06.41:513][659]LogUnrealEdMisc: Warning: Heartbeat event firing too frequently (0.001 sec). This should never happen. Something is wrong with the timer delegate!
[2019.07.02-00.06.41:513][659]LogUnrealEdMisc: Warning: Heartbeat event firing too frequently (0.001 sec). This should never happen. Something is wrong with the timer delegate!
[2019.07.02-00.06.41:513][659]LogUnrealEdMisc: Warning: Heartbeat event firing too frequently (0.001 sec). This should never happen. Something is wrong with the timer delegate!
[2019.07.02-00.06.41:513][659]LogUnrealEdMisc: Warning: Heartbeat event firing too frequently (0.001 sec). This should never happen. Something is wrong with the timer delegate!
[2019.07.02-00.06.41:513][659]LogUnrealEdMisc: Warning: Heartbeat event firing too frequently (0.001 sec). This should never happen. Something is wrong with the timer delegate!
[2019.07.02-00.06.41:513][659]LogUnrealEdMisc: Warning: Heartbeat event firing too frequently (0.001 sec). This should never happen. Something is wrong with the timer delegate!
[2019.07.02-00.06.41:513][659]LogUnrealEdMisc: Warning: Heartbeat event firing too frequently (0.001 sec). This should never happen. Something is wrong with the timer delegate!
[2019.07.02-00.06.41:513][659]LogUnrealEdMisc: Warning: Heartbeat event firing too frequently (0.001 sec). This should never happen. Something is wrong with the timer delegate!
[2019.07.02-00.06.41:514][659]LogUnrealEdMisc: Warning: Heartbeat event firing too frequently (0.001 sec). This should never happen. Something is wrong with the timer delegate!
[2019.07.02-00.06.41:514][659]LogUnrealEdMisc: Warning: Heartbeat event firing too frequently (0.001 sec). This should never happen. Something is wrong with the timer delegate!
[2019.07.02-00.06.41:514][659]LogUnrealEdMisc: Warning: Heartbeat event firing too frequently (0.001 sec). This should never happen. Something is wrong with the timer delegate!
[2019.07.02-00.06.41:514][659]LogUnrealEdMisc: Warning: Heartbeat event firing too frequently (0.001 sec). This should never happen. Something is wrong with the timer delegate!
[2019.07.02-00.06.41:514][659]LogUnrealEdMisc: Warning: Heartbeat event firing too frequently (0.001 sec). This should never happen. Something is wrong with the timer delegate!
[2019.07.02-00.06.41:514][659]LogUnrealEdMisc: Warning: Heartbeat event firing too frequently (0.001 sec). This should never happen. Something is wrong with the timer delegate!
[2019.07.02-00.06.41:514][659]LogUnrealEdMisc: Warning: Heartbeat event firing too frequently (0.001 sec). This should never happen. Something is wrong with the timer delegate!
[2019.07.02-00.06.41:514][659]LogUnrealEdMisc: Warning: Heartbeat event firing too frequently (0.001 sec). This should never happen. Something is wrong with the timer delegate!
[2019.07.02-00.06.41:514][659]LogUnrealEdMisc: Warning: Heartbeat event firing too frequently (0.001 sec). This should never happen. Something is wrong with the timer delegate!
[2019.07.02-00.06.41:514][659]LogUnrealEdMisc: Warning: Heartbeat event firing too frequently (0.001 sec). This should never happen. Something is wrong with the timer delegate!
[2019.07.02-00.06.41:514][659]LogUnrealEdMisc: Warning: Heartbeat event firing too frequently (0.001 sec). This should never happen. Something is wrong with the timer delegate!
[2019.07.02-00.06.41:514][659]LogUnrealEdMisc: Warning: Heartbeat event firing too frequently (0.001 sec). This should never happen. Something is wrong with the timer delegate!
[2019.07.02-00.06.41:514][659]LogUnrealEdMisc: Warning: Heartbeat event firing too frequently (0.001 sec). This should never happen. Something is wrong with the timer delegate!
[2019.07.02-00.06.41:514][659]LogUnrealEdMisc: Warning: Heartbeat event firing too frequently (0.001 sec). This should never happen. Something is wrong with the timer delegate!
[2019.07.02-00.06.41:514][659]LogUnrealEdMisc: Warning: Heartbeat event firing too frequently (0.001 sec). This should never happen. Something is wrong with the timer delegate!
[2019.07.02-00.06.41:514][659]LogUnrealEdMisc: Warning: Heartbeat event firing too frequently (0.001 sec). This should never happen. Something is wrong with the timer delegate!
[2019.07.02-00.06.41:514][659]LogUnrealEdMisc: Warning: Heartbeat event firing too frequently (0.001 sec). This should never happen. Something is wrong with the timer delegate!
[2019.07.02-00.06.41:514][659]LogUnrealEdMisc: Warning: Heartbeat event firing too frequently (0.002 sec). This should never happen. Something is wrong with the timer delegate!
[2019.07.02-00.06.41:514][659]LogUnrealEdMisc: Warning: Heartbeat event firing too frequently (0.002 sec). This should never happen. Something is wrong with the timer delegate!
[2019.07.02-00.06.41:514][659]LogUnrealEdMisc: Warning: Heartbeat event firing too frequently (0.002 sec). This should never happen. Something is wrong with the timer delegate!
[2019.07.02-00.06.41:514][659]LogUnrealEdMisc: Warning: Heartbeat event firing too frequently (0.002 sec). This should never happen. Something is wrong with the timer delegate!
[2019.07.02-00.06.41:514][659]LogUnrealEdMisc: Warning: Heartbeat event firing too frequently (0.002 sec). This should never happen. Something is wrong with the timer delegate!
[2019.07.02-00.06.41:514][659]LogUnrealEdMisc: Warning: Heartbeat event firing too frequently (0.002 sec). This should never happen. Something is wrong with the timer delegate!
[2019.07.02-00.06.41:514][659]LogUnrealEdMisc: Warning: Heartbeat event firing too frequently (0.002 sec). This should never happen. Something is wrong with the timer delegate!
[2019.07.02-00.06.41:514][659]LogUnrealEdMisc: Warning: Heartbeat event firing too frequently (0.002 sec). This should never happen. Something is wrong with the timer delegate!
[2019.07.02-00.06.41:514][659]LogUnrealEdMisc: Warning: Heartbeat event firing too frequently (0.002 sec). This should never happen. Something is wrong with the timer delegate!
[2019.07.02-00.06.41:514][659]LogUnrealEdMisc: Warning: Heartbeat event firing too frequently (0.002 sec). This should never happen. Something is wrong with the timer delegate!
[2019.07.02-00.06.41:515][659]LogUnrealEdMisc: Warning: Heartbeat event firing too frequently (0.002 sec). This should never happen. Something is wrong with the timer delegate!
[2019.07.02-00.06.41:515][659]LogUnrealEdMisc: Warning: Heartbeat event firing too frequently (0.002 sec). This should never happen. Something is wrong with the timer delegate!
[2019.07.02-00.06.41:515][659]LogUnrealEdMisc: Warning: Heartbeat event firing too frequently (0.002 sec). This should never happen. Something is wrong with the timer delegate!
[2019.07.02-00.06.41:515][659]LogUnrealEdMisc: Warning: Heartbeat event firing too frequently (0.002 sec). This should never happen. Something is wrong with the timer delegate!
[2019.07.02-00.06.41:515][659]LogUnrealEdMisc: Warning: Heartbeat event firing too frequently (0.002 sec). This should never happen. Something is wrong with the timer delegate!
[2019.07.02-00.06.41:515][659]LogUnrealEdMisc: Warning: Heartbeat event firing too frequently (0.002 sec). This should never happen. Something is wrong with the timer delegate!
[2019.07.02-00.06.41:515][659]LogUnrealEdMisc: Warning: Heartbeat event firing too frequently (0.002 sec). This should never happen. Something is wrong with the timer delegate!
[2019.07.02-00.06.41:515][659]LogUnrealEdMisc: Warning: Heartbeat event firing too frequently (0.002 sec). This should never happen. Something is wrong with the timer delegate!
[2019.07.02-00.06.41:852][661]LogHttp: Warning: 000001E77167D800: request failed, libcurl error: 6 (Couldn't resolve host name)
[2019.07.02-00.06.41:852][661]LogHttp: Warning: 000001E77167D800: libcurl info message cache 0 (Could not resolve host: datarouter.ol.epicgames.com)
[2019.07.02-00.06.41:852][661]LogHttp: Warning: 000001E77167D800: libcurl info message cache 1 (Closing connection 0)
[2019.07.02-00.06.42:192][662]LogHttp: Warning: Retry exhausted on https://datarouter.ol.epicgames.com/datarouter/api/v1/public/data?SessionID=%7BD3D24BF6-4AB2-01A8-36EE-50876B2DF754%7D&AppID=UEEditor.Rocket.Release&AppVersion=4.21.2-4753647%2B%2B%2BUE4%2BRelease-4.21&UserID=28f5bebd467092a3a49f63b1a9b6a8e0%7C81191cb6ea6341d8b0f8d5af9e65d991%7C3685f160-e3a0-4f77-a86f-344f64a0e747&AppEnvironment=datacollector-binary&UploadType=eteventstream
[2019.07.02-00.06.48:897][771]LogSlate: FSceneViewport::OnFocusLost() reason 0
[2019.07.02-00.06.51:248][861]LogSlate: FSceneViewport::OnFocusLost() reason 0
[2019.07.02-00.06.51:379][868]LogTemp: Repeating last play command: Selected Viewport
[2019.07.02-00.06.51:423][868]LogBlueprintUserMessages: Early PlayInEditor Detection: Level '/Game/ThirdPersonBP/Maps/ThirdPersonExampleMap.ThirdPersonExampleMap:PersistentLevel' has LevelScriptBlueprint '/Game/ThirdPersonBP/Maps/ThirdPersonExampleMap.ThirdPersonExampleMap:PersistentLevel.ThirdPersonExampleMap' with GeneratedClass '/Game/ThirdPersonBP/Maps/ThirdPersonExampleMap.ThirdPersonExampleMap_C' with ClassGeneratedBy '/Game/ThirdPersonBP/Maps/ThirdPersonExampleMap.ThirdPersonExampleMap:PersistentLevel.ThirdPersonExampleMap'
[2019.07.02-00.06.51:423][868]LogPlayLevel: PlayLevel: No blueprints needed recompiling
[2019.07.02-00.06.51:604][868]PIE: New page: PIE session: ThirdPersonExampleMap (Jul 1, 2019, 2:06:51 PM)
[2019.07.02-00.06.51:698][868]LogPlayLevel: Creating play world package: /Game/ThirdPersonBP/Maps/UEDPIE_0_ThirdPersonExampleMap
[2019.07.02-00.06.51:733][868]LogPlayLevel: PIE: StaticDuplicateObject took: (0.034417s)
[2019.07.02-00.06.51:734][868]LogAIModule: Creating AISystem for world ThirdPersonExampleMap
[2019.07.02-00.06.51:734][868]LogPlayLevel: PIE: World Init took: (0.001525s)
[2019.07.02-00.06.51:735][868]LogPlayLevel: PIE: Created PIE world by copying editor world from /Game/ThirdPersonBP/Maps/ThirdPersonExampleMap.ThirdPersonExampleMap to /Game/ThirdPersonBP/Maps/UEDPIE_0_ThirdPersonExampleMap.ThirdPersonExampleMap (0.036560s)
[2019.07.02-00.06.51:778][868]LogInit: XAudio2 using 'Speaker/Headphone (Realtek High Definition Audio)' : 2 channels at 48 kHz using 32 bits per sample (channel mask 0x3)
[2019.07.02-00.06.51:800][868]LogInit: FAudioDevice initialized.
[2019.07.02-00.06.53:964][868]LogTexture: Display: Building textures: T_Blade_Baguette1_N (BC5, 512X512)
[2019.07.02-00.06.53:964][868]LogTexture: Display: Building textures: T_Blade_Baguette2_D (AutoDXT, 512X512)
[2019.07.02-00.06.53:964][868]LogAnimationCompression: Building Anim DDC data for AnimSequence /Game/Mannequin/Animations/ThirdPersonRun.ThirdPersonRun
[2019.07.02-00.06.54:071][868]LogTexture: Display: Building textures: T_Blade_Baguette1_D (AutoDXT, 512X512)
[2019.07.02-00.06.54:071][868]LogTexture: Display: Building textures: T_Blade_Baguette2_N (BC5, 512X512)
[2019.07.02-00.06.54:071][868]LogAnimationCompression: Recompressing (AnimSequence /Game/Mannequin/Animations/ThirdPersonRun.ThirdPersonRun) using current/default (AnimCompress_RemoveLinearKeys_4) bFirstRecompressUsingCurrentOrDefault(1) bTryAlternateCompressor(0) IsCompressedDataValid(0)
[2019.07.02-00.06.54:173][868]LogAnimationCompression: Building Anim DDC data for AnimSequence /Game/Mannequin/Animations/ThirdPersonJump_Start.ThirdPersonJump_Start
[2019.07.02-00.06.54:173][868]LogAnimationCompression: Recompressing (AnimSequence /Game/Mannequin/Animations/ThirdPersonJump_Start.ThirdPersonJump_Start) using current/default (AnimCompress_RemoveLinearKeys_3) bFirstRecompressUsingCurrentOrDefault(1) bTryAlternateCompressor(0) IsCompressedDataValid(0)
[2019.07.02-00.06.54:186][868]LogAnimationCompression: Building Anim DDC data for AnimSequence /Game/Mannequin/Animations/ThirdPersonIdle.ThirdPersonIdle
[2019.07.02-00.06.54:186][868]LogAnimationCompression: Recompressing (AnimSequence /Game/Mannequin/Animations/ThirdPersonIdle.ThirdPersonIdle) using current/default (AnimCompress_RemoveLinearKeys_1) bFirstRecompressUsingCurrentOrDefault(1) bTryAlternateCompressor(0) IsCompressedDataValid(0)
[2019.07.02-00.06.54:319][868]LogAnimationCompression: Building Anim DDC data for AnimSequence /Game/Mannequin/Animations/ThirdPersonWalk.ThirdPersonWalk
[2019.07.02-00.06.54:319][868]LogAnimationCompression: Recompressing (AnimSequence /Game/Mannequin/Animations/ThirdPersonWalk.ThirdPersonWalk) using current/default (AnimCompress_RemoveLinearKeys_5) bFirstRecompressUsingCurrentOrDefault(1) bTryAlternateCompressor(0) IsCompressedDataValid(0)
[2019.07.02-00.06.54:430][868]LogAnimationCompression: Building Anim DDC data for AnimSequence /Game/Mannequin/Animations/ThirdPersonJump_Loop.ThirdPersonJump_Loop
[2019.07.02-00.06.54:430][868]LogAnimationCompression: Recompressing (AnimSequence /Game/Mannequin/Animations/ThirdPersonJump_Loop.ThirdPersonJump_Loop) using current/default (AnimCompress_RemoveLinearKeys_2) bFirstRecompressUsingCurrentOrDefault(1) bTryAlternateCompressor(0) IsCompressedDataValid(0)
[2019.07.02-00.06.54:517][868]LogAnimationCompression: Building Anim DDC data for AnimSequence /Game/Mannequin/Animations/ThirdPerson_Jump.ThirdPerson_Jump
[2019.07.02-00.06.54:517][868]LogAnimationCompression: Recompressing (AnimSequence /Game/Mannequin/Animations/ThirdPerson_Jump.ThirdPerson_Jump) using current/default (AnimCompress_RemoveLinearKeys_0) bFirstRecompressUsingCurrentOrDefault(1) bTryAlternateCompressor(0) IsCompressedDataValid(0)
[2019.07.02-00.06.54:559][868]LogMaterial: Display: Missing cached shader map for material M_Blade_Baguette, compiling. 
[2019.07.02-00.06.54:748][868]LogShaderCompilers: Display: Shaders left to compile 60
[2019.07.02-00.06.54:748][868]LogShaderCompilers: Display: Shaders left to compile 50
[2019.07.02-00.06.54:748][868]LogShaderCompilers: Display: Shaders left to compile 40
[2019.07.02-00.06.54:748][868]LogShaderCompilers: Display: Shaders left to compile 30
[2019.07.02-00.06.54:748][868]LogSkeletalMesh: Building Skeletal Mesh SK_Blade_Baguette...
[2019.07.02-00.06.54:807][868]LogSkeletalMesh: Built Skeletal Mesh [0.08s] /Game/InfinityBladeWeapons/Weapons/Blade/Silly_Weapons/Blade_Baguette/SK_Blade_Baguette.SK_Blade_Baguette
[2019.07.02-00.06.54:880][868]LogLoad: Game class is 'ThirdPersonGameMode_C'
[2019.07.02-00.06.54:892][868]LogWorld: Bringing World /Game/ThirdPersonBP/Maps/UEDPIE_0_ThirdPersonExampleMap.ThirdPersonExampleMap up for play (max tick rate 60) at 2019.07.01-19.06.54
[2019.07.02-00.06.54:920][868]LogWorld: Bringing up level for play took: 0.029640
[2019.07.02-00.06.55:310][868]LogContentBrowser: Native class hierarchy updated for 'MovieSceneCapture' in 0.0004 seconds. Added 20 classes and 0 folders.
[2019.07.02-00.06.55:396][868]PIE: Play in editor start time for /Game/ThirdPersonBP/Maps/UEDPIE_0_ThirdPersonExampleMap 3.914
[2019.07.02-00.06.55:397][868]LogBlueprintUserMessages: Late PlayInEditor Detection: Level '/Game/ThirdPersonBP/Maps/ThirdPersonExampleMap.ThirdPersonExampleMap:PersistentLevel' has LevelScriptBlueprint '/Game/ThirdPersonBP/Maps/ThirdPersonExampleMap.ThirdPersonExampleMap:PersistentLevel.ThirdPersonExampleMap' with GeneratedClass '/Game/ThirdPersonBP/Maps/ThirdPersonExampleMap.ThirdPersonExampleMap_C' with ClassGeneratedBy '/Game/ThirdPersonBP/Maps/ThirdPersonExampleMap.ThirdPersonExampleMap:PersistentLevel.ThirdPersonExampleMap'
[2019.07.02-00.06.57:714][917]LogBlueprintUserMessages: Early EndPlayMap Detection: Level '/Game/ThirdPersonBP/Maps/ThirdPersonExampleMap.ThirdPersonExampleMap:PersistentLevel' has LevelScriptBlueprint '/Game/ThirdPersonBP/Maps/ThirdPersonExampleMap.ThirdPersonExampleMap:PersistentLevel.ThirdPersonExampleMap' with GeneratedClass '/Game/ThirdPersonBP/Maps/ThirdPersonExampleMap.ThirdPersonExampleMap_C' with ClassGeneratedBy '/Game/ThirdPersonBP/Maps/ThirdPersonExampleMap.ThirdPersonExampleMap:PersistentLevel.ThirdPersonExampleMap'
[2019.07.02-00.06.57:716][917]LogSlate: Updating window title bar state: overlay mode, drag disabled, window buttons hidden, title bar hidden
[2019.07.02-00.06.57:773][917]LogPlayLevel: Display: Shutting down PIE online subsystems
[2019.07.02-00.06.57:773][917]LogBlueprintUserMessages: Late EndPlayMap Detection: Level '/Game/ThirdPersonBP/Maps/ThirdPersonExampleMap.ThirdPersonExampleMap:PersistentLevel' has LevelScriptBlueprint '/Game/ThirdPersonBP/Maps/ThirdPersonExampleMap.ThirdPersonExampleMap:PersistentLevel.ThirdPersonExampleMap' with GeneratedClass '/Game/ThirdPersonBP/Maps/ThirdPersonExampleMap.ThirdPersonExampleMap_C' with ClassGeneratedBy '/Game/ThirdPersonBP/Maps/ThirdPersonExampleMap.ThirdPersonExampleMap:PersistentLevel.ThirdPersonExampleMap'
[2019.07.02-00.06.57:800][917]LogSlate: Updating window title bar state: overlay mode, drag disabled, window buttons hidden, title bar hidden
[2019.07.02-00.06.57:820][918]LogPlayLevel: Display: Destroying online subsystem :Context_2
[2019.07.02-00.07.01:682][ 52]LogShaderCompilers: Display: Shaders left to compile 20
[2019.07.02-00.07.02:636][102]LogShaderCompilers: Display: Shaders left to compile 10
[2019.07.02-00.07.30:671][190]LogAIModule: Creating AISystem for world Daniel
[2019.07.02-00.07.30:889][190]LogSavePackage: Moving '../../../../../../Users/danie/Documents/GitHub/TulsaCountySummer/TCS/Saved/Daniel9EBE48A940DB00D77226BC88F49F001F.tmp' to '../../../../../../Users/danie/Documents/GitHub/TulsaCountySummer/TCS/Content/ThirdPersonBP/Maps/Daniel.umap'
[2019.07.02-00.07.30:930][190]LogFileHelpers: Saving map 'Daniel' took 0.264
[2019.07.02-00.07.37:189][483]LogAIModule: Creating AISystem for world Clay
[2019.07.02-00.07.37:350][483]LogSavePackage: Moving '../../../../../../Users/danie/Documents/GitHub/TulsaCountySummer/TCS/Saved/Clay9569BE194DDD89C8B46949B574230EC9.tmp' to '../../../../../../Users/danie/Documents/GitHub/TulsaCountySummer/TCS/Content/ThirdPersonBP/Maps/Clay.umap'
[2019.07.02-00.07.37:358][483]LogFileHelpers: Saving map 'Clay' took 0.174
[2019.07.02-00.07.41:198][577]LogSlate: Window 'Save Content' being destroyed
[2019.07.02-00.07.41:811][577]LogSavePackage: Moving '../../../../../../Users/danie/Documents/GitHub/TulsaCountySummer/TCS/Saved/Clay47E1BA89454A1C569C08EF96FA79B3BC.tmp' to '../../../../../../Users/danie/Documents/GitHub/TulsaCountySummer/TCS/Content/ThirdPersonBP/Maps/Clay.umap'
[2019.07.02-00.07.41:820][577]LogFileHelpers: Saving map 'Clay' took 0.601
[2019.07.02-00.07.41:952][577]LogSavePackage: Moving '../../../../../../Users/danie/Documents/GitHub/TulsaCountySummer/TCS/Saved/Clay_BuiltData7902082F4B6D526F182A60ADFD310D6B.tmp' to '../../../../../../Users/danie/Documents/GitHub/TulsaCountySummer/TCS/Content/ThirdPersonBP/Maps/Clay_BuiltData.uasset'
[2019.07.02-00.07.42:163][577]LogSavePackage: Moving '../../../../../../Users/danie/Documents/GitHub/TulsaCountySummer/TCS/Saved/Daniel0C51ED5C49527B6709E58595BF5B2EBC.tmp' to '../../../../../../Users/danie/Documents/GitHub/TulsaCountySummer/TCS/Content/ThirdPersonBP/Maps/Daniel.umap'
[2019.07.02-00.07.42:172][577]LogFileHelpers: Saving map 'Daniel' took 0.212
[2019.07.02-00.07.42:306][577]LogSavePackage: Moving '../../../../../../Users/danie/Documents/GitHub/TulsaCountySummer/TCS/Saved/Daniel_BuiltData945E999B4091A39EE8302287D2632A18.tmp' to '../../../../../../Users/danie/Documents/GitHub/TulsaCountySummer/TCS/Content/ThirdPersonBP/Maps/Daniel_BuiltData.uasset'
